[2024-01-18 21:46:58,601:INFO:main:Welcome to my custom ]
[2024-01-18 21:49:51,943:INFO:main:Welcome to my custom logging]
[2024-01-18 23:03:51,962:INFO:common:yaml file: config/config.yaml loaded successfully]
[2024-01-18 23:03:51,963:INFO:common:yaml file: params.yaml loaded successfully]
[2024-01-18 23:03:51,964:INFO:common:created directory at: artifact]
[2024-01-18 23:03:51,964:INFO:common:created directory at: artifacts/data_ingestion]
[2024-01-18 23:04:40,976:INFO:common:yaml file: config/config.yaml loaded successfully]
[2024-01-18 23:04:40,976:INFO:common:yaml file: params.yaml loaded successfully]
[2024-01-18 23:04:40,977:INFO:common:created directory at: artifact]
[2024-01-18 23:04:40,977:INFO:common:created directory at: artifacts/data_ingestion]
[2024-01-18 23:05:09,119:INFO:common:yaml file: config/config.yaml loaded successfully]
[2024-01-18 23:05:09,120:INFO:common:yaml file: params.yaml loaded successfully]
[2024-01-18 23:05:09,121:INFO:common:created directory at: artifact]
[2024-01-18 23:05:09,121:INFO:common:created directory at: artifacts/data_ingestion]
[2024-01-18 23:06:21,009:INFO:common:yaml file: config/config.yaml loaded successfully]
[2024-01-18 23:06:21,010:INFO:common:yaml file: params.yaml loaded successfully]
[2024-01-18 23:06:21,010:INFO:common:created directory at: artifact]
[2024-01-18 23:06:21,011:INFO:common:created directory at: artifacts/data_ingestion]
[2024-01-18 23:06:22,557:INFO:4037744573:artifacts/data_ingestion/data.zip download! with following info: 
Connection: close
Content-Length: 11616915
Cache-Control: max-age=300
Content-Security-Policy: default-src 'none'; style-src 'unsafe-inline'; sandbox
Content-Type: application/zip
ETag: "adf745abc03891fe493c3be264ec012691fe3fa21d861f35a27edbe6d86a76b1"
Strict-Transport-Security: max-age=31536000
X-Content-Type-Options: nosniff
X-Frame-Options: deny
X-XSS-Protection: 1; mode=block
X-GitHub-Request-Id: 6FE2:14E994:1C5FEF:297D59:65A96195
Accept-Ranges: bytes
Date: Thu, 18 Jan 2024 17:36:22 GMT
Via: 1.1 varnish
X-Served-By: cache-del21747-DEL
X-Cache: MISS
X-Cache-Hits: 0
X-Timer: S1705599381.426428,VS0,VE885
Vary: Authorization,Accept-Encoding,Origin
Access-Control-Allow-Origin: *
Cross-Origin-Resource-Policy: cross-origin
X-Fastly-Request-ID: 169a269b854e9a6419e7e4c3a682c7247b7440e2
Expires: Thu, 18 Jan 2024 17:41:22 GMT
Source-Age: 1

]
[2024-01-18 23:25:00,288:INFO:main:>>>>>> stage Data Ingestion stage started <<<<<<]
[2024-01-18 23:25:00,288:INFO:common:yaml file: config/config.yaml loaded successfully]
[2024-01-18 23:25:00,289:INFO:common:yaml file: params.yaml loaded successfully]
[2024-01-18 23:25:00,289:INFO:common:created directory at: artifact]
[2024-01-18 23:25:00,289:INFO:common:created directory at: artifacts/data_ingestion]
[2024-01-18 23:25:01,271:INFO:data_ingestion:artifacts/data_ingestion/data.zip download! with following info: 
Connection: close
Content-Length: 11616915
Cache-Control: max-age=300
Content-Security-Policy: default-src 'none'; style-src 'unsafe-inline'; sandbox
Content-Type: application/zip
ETag: "adf745abc03891fe493c3be264ec012691fe3fa21d861f35a27edbe6d86a76b1"
Strict-Transport-Security: max-age=31536000
X-Content-Type-Options: nosniff
X-Frame-Options: deny
X-XSS-Protection: 1; mode=block
X-GitHub-Request-Id: 6FE2:14E994:1C5FEF:297D59:65A96195
Accept-Ranges: bytes
Date: Thu, 18 Jan 2024 17:55:01 GMT
Via: 1.1 varnish
X-Served-By: cache-del21721-DEL
X-Cache: HIT
X-Cache-Hits: 0
X-Timer: S1705600501.723176,VS0,VE304
Vary: Authorization,Accept-Encoding,Origin
Access-Control-Allow-Origin: *
Cross-Origin-Resource-Policy: cross-origin
X-Fastly-Request-ID: bdbe411aa43f1f4d354def149d06638154abed8b
Expires: Thu, 18 Jan 2024 18:00:01 GMT
Source-Age: 0

]
[2024-01-18 23:25:01,333:INFO:main:>>>>>> stage Data Ingestion stage completed <<<<<<

x==========x]
[2024-01-24 21:06:38,695:INFO:common:yaml file: config/config.yaml loaded successfully]
[2024-01-24 21:06:38,785:INFO:common:yaml file: params.yaml loaded successfully]
[2024-01-24 21:06:38,787:INFO:common:created directory at: artifact]
[2024-01-24 21:06:38,787:INFO:common:created directory at: artifacts/prepare_base_model]
[2024-01-24 21:06:39,046:WARNING:saving_utils:Compiled the loaded model, but the compiled metrics have yet to be built. `model.compile_metrics` will be empty until you train or evaluate the model.]
[2024-01-24 21:34:11,619:INFO:main:>>>>>> stage Data Ingestion stage started <<<<<<]
[2024-01-24 21:34:11,619:INFO:common:yaml file: config/config.yaml loaded successfully]
[2024-01-24 21:34:11,620:INFO:common:yaml file: params.yaml loaded successfully]
[2024-01-24 21:34:11,620:INFO:common:created directory at: artifact]
[2024-01-24 21:34:11,620:INFO:common:created directory at: artifacts/data_ingestion]
[2024-01-24 21:34:13,119:INFO:data_ingestion:artifacts/data_ingestion/data.zip download! with following info: 
Connection: close
Content-Length: 11616915
Cache-Control: max-age=300
Content-Security-Policy: default-src 'none'; style-src 'unsafe-inline'; sandbox
Content-Type: application/zip
ETag: "adf745abc03891fe493c3be264ec012691fe3fa21d861f35a27edbe6d86a76b1"
Strict-Transport-Security: max-age=31536000
X-Content-Type-Options: nosniff
X-Frame-Options: deny
X-XSS-Protection: 1; mode=block
X-GitHub-Request-Id: 402A:18E484:8FDB6:CE37D:65B134FB
Accept-Ranges: bytes
Date: Wed, 24 Jan 2024 16:04:12 GMT
Via: 1.1 varnish
X-Served-By: cache-del21733-DEL
X-Cache: MISS
X-Cache-Hits: 0
X-Timer: S1706112252.093711,VS0,VE790
Vary: Authorization,Accept-Encoding,Origin
Access-Control-Allow-Origin: *
Cross-Origin-Resource-Policy: cross-origin
X-Fastly-Request-ID: 69749f491f2535c161e246eb02880a0ddb1071b9
Expires: Wed, 24 Jan 2024 16:09:12 GMT
Source-Age: 0

]
[2024-01-24 21:34:13,183:INFO:main:>>>>>> stage Data Ingestion stage completed <<<<<<

x==========x]
[2024-01-24 21:34:13,183:INFO:main:*******************]
[2024-01-24 21:34:13,183:INFO:main:>>>>>> stage Prepare base model started <<<<<<]
[2024-01-24 21:34:13,184:INFO:common:yaml file: config/config.yaml loaded successfully]
[2024-01-24 21:34:13,185:INFO:common:yaml file: params.yaml loaded successfully]
[2024-01-24 21:34:13,185:INFO:common:created directory at: artifact]
[2024-01-24 21:34:13,185:INFO:common:created directory at: artifacts/prepare_base_model]
[2024-01-24 21:34:13,471:WARNING:saving_utils:Compiled the loaded model, but the compiled metrics have yet to be built. `model.compile_metrics` will be empty until you train or evaluate the model.]
[2024-01-24 21:34:13,589:INFO:main:>>>>>> stage Prepare base model completed <<<<<<

x==========x]
[2024-01-25 23:19:47,536:INFO:common:yaml file: config/config.yaml loaded successfully]
[2024-01-25 23:19:47,540:INFO:common:yaml file: params.yaml loaded successfully]
[2024-01-25 23:19:47,542:INFO:common:created directory at: artifact]
[2024-01-25 23:19:47,545:INFO:common:created directory at: artifacts/prepare_callbacks/checkpoint_dir]
[2024-01-25 23:19:47,546:INFO:common:created directory at: artifacts/prepare_callbacks/tensorboard_log_dir]
[2024-01-25 23:20:01,068:INFO:common:yaml file: config/config.yaml loaded successfully]
[2024-01-25 23:20:01,070:INFO:common:yaml file: params.yaml loaded successfully]
[2024-01-25 23:20:01,070:INFO:common:created directory at: artifact]
[2024-01-25 23:20:01,070:INFO:common:created directory at: artifacts/prepare_callbacks/checkpoint_dir]
[2024-01-25 23:20:01,071:INFO:common:created directory at: artifacts/prepare_callbacks/tensorboard_log_dir]
[2024-01-25 23:22:15,513:INFO:common:yaml file: config/config.yaml loaded successfully]
[2024-01-25 23:22:15,514:INFO:common:yaml file: params.yaml loaded successfully]
[2024-01-25 23:22:15,514:INFO:common:created directory at: artifact]
[2024-01-25 23:22:15,515:INFO:common:created directory at: artifacts/prepare_callbacks/checkpoint_dir]
[2024-01-25 23:22:15,515:INFO:common:created directory at: artifacts/prepare_callbacks/tensorboard_log_dir]
[2024-01-25 23:22:39,525:INFO:common:yaml file: config/config.yaml loaded successfully]
[2024-01-25 23:22:39,527:INFO:common:yaml file: params.yaml loaded successfully]
[2024-01-25 23:22:39,527:INFO:common:created directory at: artifact]
[2024-01-25 23:22:39,527:INFO:common:created directory at: artifacts/prepare_callbacks/checkpoint_dir]
[2024-01-25 23:22:39,528:INFO:common:created directory at: artifacts/prepare_callbacks/tensorboard_log_dir]
[2024-01-25 23:24:00,116:INFO:common:yaml file: config/config.yaml loaded successfully]
[2024-01-25 23:24:00,117:INFO:common:yaml file: params.yaml loaded successfully]
[2024-01-25 23:24:00,117:INFO:common:created directory at: artifact]
[2024-01-25 23:24:00,118:INFO:common:created directory at: artifacts/prepare_callbacks/checkpoint_dir]
[2024-01-25 23:24:00,118:INFO:common:created directory at: artifacts/prepare_callbacks/tensorboard_log_dir]
